<?xml version="1.0" encoding="UTF-8"?>
<!-- Generated by org.testng.reporters.JUnitReportReporter -->
<testsuite hostname="DESKTOP-K79FGMR" failures="0" tests="1" name="RestAssuredAPI.TC007_GET_Authentication" time="3.964" errors="0" timestamp="2022-05-13T11:46:31 IST" skipped="0">
  <testcase classname="RestAssuredAPI.TC007_GET_Authentication" name="getAuthentication" time="3.964"/>
  <system-out/>
</testsuite> <!-- RestAssuredAPI.TC007_GET_Authentication -->
