<?xml version="1.0" encoding="UTF-8"?>
<!-- Generated by org.testng.reporters.JUnitReportReporter -->
<testsuite hostname="DESKTOP-K79FGMR" failures="0" tests="1" name="TC001_GET_Request" time="4.200" errors="0" timestamp="2022-05-12T11:02:31 IST" skipped="0">
  <testcase classname="TC001_GET_Request" name="getEmployeeDetails" time="4.200"/>
  <system-out/>
</testsuite> <!-- TC001_GET_Request -->
