<?xml version="1.0" encoding="UTF-8"?>
<!-- Generated by org.testng.reporters.JUnitReportReporter -->
<testsuite hostname="DESKTOP-K79FGMR" failures="0" tests="1" name="RestAssuredAPI.TC004_GET_Print_All_Headers" time="5.997" errors="0" timestamp="2022-05-13T09:46:09 IST" skipped="0">
  <testcase classname="RestAssuredAPI.TC004_GET_Print_All_Headers" name="getStoreDetails" time="5.997"/>
  <system-out/>
</testsuite> <!-- RestAssuredAPI.TC004_GET_Print_All_Headers -->
