<?xml version="1.0" encoding="UTF-8"?>
<!-- Generated by org.testng.reporters.JUnitReportReporter -->
<testsuite hostname="DESKTOP-K79FGMR" failures="0" tests="1" name="RestAssuredAPI.TC005_GET_ValidatingjsonResponse" time="5.146" errors="0" timestamp="2022-05-13T09:58:44 IST" skipped="0">
  <testcase classname="RestAssuredAPI.TC005_GET_ValidatingjsonResponse" name="getStoreDetails" time="5.146"/>
  <system-out/>
</testsuite> <!-- RestAssuredAPI.TC005_GET_ValidatingjsonResponse -->
