<?xml version="1.0" encoding="UTF-8"?>
<!-- Generated by org.testng.reporters.JUnitReportReporter -->
<testsuite hostname="DESKTOP-K79FGMR" failures="0" tests="1" name="RestAssuredAPI.TC001_GET_Request" time="4.869" errors="0" timestamp="2022-05-19T10:19:23 IST" skipped="0">
  <testcase classname="RestAssuredAPI.TC001_GET_Request" name="getEmployeeDetails" time="4.869"/>
  <system-out/>
</testsuite> <!-- RestAssuredAPI.TC001_GET_Request -->
