<?xml version="1.0" encoding="UTF-8"?>
<!-- Generated by org.testng.reporters.JUnitReportReporter -->
<testsuite hostname="DESKTOP-K79FGMR" failures="0" tests="1" name="TC002_POST_Request" time="4.813" errors="0" timestamp="2022-05-12T11:38:13 IST" skipped="0">
  <testcase classname="TC002_POST_Request" name="CreateEmployeeDetails" time="4.813"/>
  <system-out/>
</testsuite> <!-- TC002_POST_Request -->
