<?xml version="1.0" encoding="UTF-8"?>
<!-- Generated by org.testng.reporters.JUnitReportReporter -->
<testsuite hostname="DESKTOP-K79FGMR" failures="0" tests="1" name="RestAssuredAPI.TC003_GET_header_validations" time="3.650" errors="0" timestamp="2022-05-12T12:42:43 IST" skipped="0">
  <testcase classname="RestAssuredAPI.TC003_GET_header_validations" name="getStoreDetails" time="3.650"/>
  <system-out/>
</testsuite> <!-- RestAssuredAPI.TC003_GET_header_validations -->
